<?xml version="1.0" encoding="UTF-8"?>
<!-- Generated by org.testng.reporters.JUnitReportReporter -->
<testsuite hostname="NagarajuSalla" failures="0" tests="3" name="com.DomsEpson.ProductTest.WomensProductTest" time="0.045" errors="0" timestamp="2024-10-28T15:33:09 IST" skipped="0">
  <testcase classname="com.DomsEpson.ProductTest.WomensProductTest" name="removeProduct" time="0.012"/>
  <system-out/>
  <testcase classname="com.DomsEpson.ProductTest.WomensProductTest" name="updateProduct" time="0.011"/>
  <system-out/>
  <testcase classname="com.DomsEpson.ProductTest.WomensProductTest" name="addProduct" time="0.022"/>
  <system-out/>
</testsuite> <!-- com.DomsEpson.ProductTest.WomensProductTest -->
