<?xml version="1.0" encoding="UTF-8"?>
<!-- Generated by org.testng.reporters.JUnitReportReporter -->
<testsuite hostname="NagarajuSalla" failures="0" tests="3" name="com.DomsEpson.ProductTest.ElectronicProductTest" time="0.016" errors="0" timestamp="2024-10-28T15:33:09 IST" skipped="0">
  <testcase classname="com.DomsEpson.ProductTest.ElectronicProductTest" name="updateProduct" time="0.004"/>
  <system-out/>
  <testcase classname="com.DomsEpson.ProductTest.ElectronicProductTest" name="addProduct" time="0.010"/>
  <system-out/>
  <testcase classname="com.DomsEpson.ProductTest.ElectronicProductTest" name="removeProduct" time="0.002"/>
  <system-out/>
</testsuite> <!-- com.DomsEpson.ProductTest.ElectronicProductTest -->
