<?xml version="1.0" encoding="UTF-8"?>
<!-- Generated by org.testng.reporters.JUnitReportReporter -->
<testsuite hostname="NagarajuSalla" failures="0" tests="1" name="Demotest.DemoTest" time="2.683" errors="0" timestamp="2024-11-05T09:24:18 IST" skipped="0">
  <testcase classname="Demotest.DemoTest" name="DemoTesting" time="2.683"/>
  <system-out/>
</testsuite> <!-- Demotest.DemoTest -->
